[32mINFO[0m:     [30-12-2023 14:25:44] Shutting down
[32mINFO[0m:     [30-12-2023 14:25:44] Waiting for application shutdown.
[32mINFO[0m:     [30-12-2023 14:25:44] Application shutdown complete.
[32mINFO[0m:     [30-12-2023 14:25:44] Finished server process [[36m28744[0m]
[33mWARNING[0m:  [30-12-2023 14:51:30] chroma_server_nofile is not supported on Windows. chroma_server_nofile will not be set.
[32mINFO[0m:     [30-12-2023 14:51:31] Anonymized telemetry enabled. See                     https://docs.trychroma.com/telemetry for more information.
[36mDEBUG[0m:    [30-12-2023 14:51:31] Starting component System
[36mDEBUG[0m:    [30-12-2023 14:51:31] Starting component OpenTelemetryClient
[36mDEBUG[0m:    [30-12-2023 14:51:31] Starting component SimpleAssignmentPolicy
[36mDEBUG[0m:    [30-12-2023 14:51:31] Starting component SqliteDB
[36mDEBUG[0m:    [30-12-2023 14:51:31] Starting component Posthog
[36mDEBUG[0m:    [30-12-2023 14:51:31] Starting component LocalSegmentManager
[36mDEBUG[0m:    [30-12-2023 14:51:31] Starting component SegmentAPI
[32mINFO[0m:     [30-12-2023 14:51:31] Started server process [[36m5396[0m]
[32mINFO[0m:     [30-12-2023 14:51:31] Waiting for application startup.
[32mINFO[0m:     [30-12-2023 14:51:31] Application startup complete.
[32mINFO[0m:     [30-12-2023 14:51:31] Uvicorn running on [1mhttp://localhost:8000[0m (Press CTRL+C to quit)
[32mINFO[0m:     [30-12-2023 14:51:40] ::1:56780 - "GET /api/v1/tenants/default_tenant HTTP/1.1" 200
[32mINFO[0m:     [30-12-2023 14:51:40] ::1:56780 - "GET /api/v1/databases/default_database?tenant=default_tenant HTTP/1.1" 200
[32mINFO[0m:     [30-12-2023 14:51:40] ::1:56781 - "GET /api/v1/collections/semantic_layer_4_embeddings?tenant=default_tenant&database=default_database HTTP/1.1" 200
[32mINFO[0m:     [30-12-2023 14:51:40] ::1:56781 - "GET /api/v1/collections/17d11b23-bd72-431e-bcc7-dfacdbf9a12a/count HTTP/1.1" 200
[36mDEBUG[0m:    [30-12-2023 14:51:44] Starting component PersistentLocalHnswSegment
[32mINFO[0m:     [30-12-2023 14:51:44] ::1:56781 - "POST /api/v1/collections/17d11b23-bd72-431e-bcc7-dfacdbf9a12a/query HTTP/1.1" 200
